<?xml version="1.0" encoding="UTF-8" ?>
<testsuite failures="0" time="0.047" errors="0" skipped="0" tests="10" name="de.gzockoll.types.money.MoneyTest">
  <properties>
[...]
</properties>
  <testcase time="0.009" classname="de.gzockoll.types.money.MoneyTest" name="testContruction"/>
  <testcase time="0" classname="de.gzockoll.types.money.MoneyTest" name="testHashCode"/>
  <testcase time="0" classname="de.gzockoll.types.money.MoneyTest" name="testMoneyIntCurrency"/>
  <testcase time="0" classname="de.gzockoll.types.money.MoneyTest" name="testAdd"/>
  <testcase time="0.001" classname="de.gzockoll.types.money.MoneyTest" name="testAddIsImmutable"/>
  <testcase time="0.001" classname="de.gzockoll.types.money.MoneyTest" name="testSubtract"/>
  <testcase time="0" classname="de.gzockoll.types.money.MoneyTest" name="testEquals"/>
  <testcase time="0" classname="de.gzockoll.types.money.MoneyTest" name="testToString"/>
  <testcase time="0.002" classname="de.gzockoll.types.money.MoneyTest" name="testSimpleAllication"/>
  <testcase time="0" classname="de.gzockoll.types.money.MoneyTest" name="testMultiAllication"/>
</testsuite>